Traceback (most recent call last):
  File "/opt/hostedtoolcache/Python/3.10.19/x64/lib/python3.10/site-packages/jupyter_cache/executors/utils.py", line 58, in single_nb_execution
    executenb(
  File "/opt/hostedtoolcache/Python/3.10.19/x64/lib/python3.10/site-packages/nbclient/client.py", line 1319, in execute
    return NotebookClient(nb=nb, resources=resources, km=km, **kwargs).execute()
  File "/opt/hostedtoolcache/Python/3.10.19/x64/lib/python3.10/site-packages/jupyter_core/utils/__init__.py", line 165, in wrapped
    return loop.run_until_complete(inner)
  File "/opt/hostedtoolcache/Python/3.10.19/x64/lib/python3.10/asyncio/base_events.py", line 649, in run_until_complete
    return future.result()
  File "/opt/hostedtoolcache/Python/3.10.19/x64/lib/python3.10/site-packages/nbclient/client.py", line 709, in async_execute
    await self.async_execute_cell(
  File "/opt/hostedtoolcache/Python/3.10.19/x64/lib/python3.10/site-packages/nbclient/client.py", line 1062, in async_execute_cell
    await self._check_raise_for_error(cell, cell_index, exec_reply)
  File "/opt/hostedtoolcache/Python/3.10.19/x64/lib/python3.10/site-packages/nbclient/client.py", line 918, in _check_raise_for_error
    raise CellExecutionError.from_cell_and_msg(cell, exec_reply_content)
nbclient.exceptions.CellExecutionError: An error occurred while executing the following cell:
------------------
import pandas as pd
from sqlalchemy import create_engine

USER = "root"
PASSWORD = ""
HOST = "localhost"
PORT = 3306
DBNAME = "iris_dataset"

# Buat koneksi ke MySQL (pakai driver PyMySQL)
engine = create_engine(f"mysql+pymysql://{USER}:{PASSWORD}@{HOST}:{PORT}/{DBNAME}")

# Query ke database MySQL
query = "SELECT * FROM iris_1;"
df = pd.read_sql(query, engine)

print(df.head())
------------------


[0;31m---------------------------------------------------------------------------[0m
[0;31mModuleNotFoundError[0m                       Traceback (most recent call last)
Cell [0;32mIn[1], line 11[0m
[1;32m      8[0m DBNAME [38;5;241m=[39m [38;5;124m"[39m[38;5;124miris_dataset[39m[38;5;124m"[39m
[1;32m     10[0m [38;5;66;03m# Buat koneksi ke MySQL (pakai driver PyMySQL)[39;00m
[0;32m---> 11[0m engine [38;5;241m=[39m [43mcreate_engine[49m[43m([49m[38;5;124;43mf[39;49m[38;5;124;43m"[39;49m[38;5;124;43mmysql+pymysql://[39;49m[38;5;132;43;01m{[39;49;00m[43mUSER[49m[38;5;132;43;01m}[39;49;00m[38;5;124;43m:[39;49m[38;5;132;43;01m{[39;49;00m[43mPASSWORD[49m[38;5;132;43;01m}[39;49;00m[38;5;124;43m@[39;49m[38;5;132;43;01m{[39;49;00m[43mHOST[49m[38;5;132;43;01m}[39;49;00m[38;5;124;43m:[39;49m[38;5;132;43;01m{[39;49;00m[43mPORT[49m[38;5;132;43;01m}[39;49;00m[38;5;124;43m/[39;49m[38;5;132;43;01m{[39;49;00m[43mDBNAME[49m[38;5;132;43;01m}[39;49;00m[38;5;124;43m"[39;49m[43m)[49m
[1;32m     13[0m [38;5;66;03m# Query ke database MySQL[39;00m
[1;32m     14[0m query [38;5;241m=[39m [38;5;124m"[39m[38;5;124mSELECT * FROM iris_1;[39m[38;5;124m"[39m

File [0;32m<string>:2[0m, in [0;36mcreate_engine[0;34m(url, **kwargs)[0m

File [0;32m/opt/hostedtoolcache/Python/3.10.19/x64/lib/python3.10/site-packages/sqlalchemy/util/deprecations.py:281[0m, in [0;36mdeprecated_params.<locals>.decorate.<locals>.warned[0;34m(fn, *args, **kwargs)[0m
[1;32m    274[0m     [38;5;28;01mif[39;00m m [38;5;129;01min[39;00m kwargs:
[1;32m    275[0m         _warn_with_version(
[1;32m    276[0m             messages[m],
[1;32m    277[0m             versions[m],
[1;32m    278[0m             version_warnings[m],
[1;32m    279[0m             stacklevel[38;5;241m=[39m[38;5;241m3[39m,
[1;32m    280[0m         )
[0;32m--> 281[0m [38;5;28;01mreturn[39;00m [43mfn[49m[43m([49m[38;5;241;43m*[39;49m[43margs[49m[43m,[49m[43m [49m[38;5;241;43m*[39;49m[38;5;241;43m*[39;49m[43mkwargs[49m[43m)[49m

File [0;32m/opt/hostedtoolcache/Python/3.10.19/x64/lib/python3.10/site-packages/sqlalchemy/engine/create.py:617[0m, in [0;36mcreate_engine[0;34m(url, **kwargs)[0m
[1;32m    615[0m         [38;5;28;01mif[39;00m k [38;5;129;01min[39;00m kwargs:
[1;32m    616[0m             dbapi_args[k] [38;5;241m=[39m pop_kwarg(k)
[0;32m--> 617[0m     dbapi [38;5;241m=[39m [43mdbapi_meth[49m[43m([49m[38;5;241;43m*[39;49m[38;5;241;43m*[39;49m[43mdbapi_args[49m[43m)[49m
[1;32m    619[0m dialect_args[[38;5;124m"[39m[38;5;124mdbapi[39m[38;5;124m"[39m] [38;5;241m=[39m dbapi
[1;32m    621[0m dialect_args[38;5;241m.[39msetdefault([38;5;124m"[39m[38;5;124mcompiler_linting[39m[38;5;124m"[39m, compiler[38;5;241m.[39mNO_LINTING)

File [0;32m/opt/hostedtoolcache/Python/3.10.19/x64/lib/python3.10/site-packages/sqlalchemy/dialects/mysql/pymysql.py:89[0m, in [0;36mMySQLDialect_pymysql.import_dbapi[0;34m(cls)[0m
[1;32m     87[0m [38;5;129m@classmethod[39m
[1;32m     88[0m [38;5;28;01mdef[39;00m[38;5;250m [39m[38;5;21mimport_dbapi[39m([38;5;28mcls[39m) [38;5;241m-[39m[38;5;241m>[39m DBAPIModule:
[0;32m---> 89[0m     [38;5;28;01mreturn[39;00m [38;5;28;43m__import__[39;49m[43m([49m[38;5;124;43m"[39;49m[38;5;124;43mpymysql[39;49m[38;5;124;43m"[39;49m[43m)[49m

[0;31mModuleNotFoundError[0m: No module named 'pymysql'

